2024-10-21T12:36:42+00:00 WARNING Empty patterns received from the PTK Pattern Store
2024-10-21T12:36:43+00:00 WARNING Empty patterns received from the PTK Pattern Store
2024-10-21T14:35:16+00:00 INFO Payment gateway enabled: "Cash on delivery"
2024-10-21T15:03:51+00:00 WARNING Empty patterns received from the PTK Pattern Store
2024-10-21T15:03:59+00:00 WARNING Empty patterns received from the PTK Pattern Store
2024-10-21T15:04:05+00:00 WARNING Empty patterns received from the PTK Pattern Store
2024-10-21T15:04:20+00:00 WARNING Empty patterns received from the PTK Pattern Store
2024-10-21T15:04:23+00:00 WARNING Empty patterns received from the PTK Pattern Store
2024-10-21T15:08:53+00:00 WARNING Empty patterns received from the PTK Pattern Store
2024-10-21T15:09:01+00:00 WARNING Empty patterns received from the PTK Pattern Store
2024-10-21T15:09:08+00:00 WARNING Empty patterns received from the PTK Pattern Store
2024-10-21T15:09:16+00:00 WARNING Empty patterns received from the PTK Pattern Store
2024-10-21T15:09:18+00:00 WARNING Empty patterns received from the PTK Pattern Store
2024-10-21T15:09:21+00:00 WARNING Empty patterns received from the PTK Pattern Store
2024-10-21T15:09:24+00:00 WARNING Empty patterns received from the PTK Pattern Store
2024-10-21T15:09:24+00:00 WARNING Empty patterns received from the PTK Pattern Store
2024-10-21T15:09:25+00:00 WARNING Empty patterns received from the PTK Pattern Store
2024-10-21T15:09:41+00:00 WARNING Empty patterns received from the PTK Pattern Store
2024-10-21T15:11:00+00:00 WARNING Empty patterns received from the PTK Pattern Store
2024-10-21T15:11:03+00:00 WARNING Empty patterns received from the PTK Pattern Store
2024-10-21T15:11:03+00:00 WARNING Empty patterns received from the PTK Pattern Store
2024-10-21T15:11:05+00:00 WARNING Empty patterns received from the PTK Pattern Store
2024-10-21T15:11:06+00:00 WARNING Empty patterns received from the PTK Pattern Store
2024-10-21T15:11:08+00:00 WARNING Empty patterns received from the PTK Pattern Store
2024-10-21T15:11:08+00:00 WARNING Empty patterns received from the PTK Pattern Store
2024-10-21T15:11:19+00:00 WARNING Empty patterns received from the PTK Pattern Store
2024-10-21T15:11:30+00:00 WARNING Empty patterns received from the PTK Pattern Store
2024-10-21T15:11:34+00:00 WARNING Empty patterns received from the PTK Pattern Store
2024-10-21T15:11:36+00:00 WARNING Empty patterns received from the PTK Pattern Store
2024-10-21T15:11:38+00:00 WARNING Empty patterns received from the PTK Pattern Store
2024-10-21T15:12:23+00:00 WARNING Empty patterns received from the PTK Pattern Store
2024-10-21T15:12:25+00:00 WARNING Empty patterns received from the PTK Pattern Store
2024-10-21T15:12:27+00:00 WARNING Empty patterns received from the PTK Pattern Store
2024-10-21T15:12:28+00:00 WARNING Empty patterns received from the PTK Pattern Store
2024-10-21T15:12:31+00:00 WARNING Empty patterns received from the PTK Pattern Store
2024-10-21T15:12:35+00:00 WARNING Empty patterns received from the PTK Pattern Store
2024-10-21T15:12:46+00:00 WARNING Empty patterns received from the PTK Pattern Store
2024-10-21T15:12:54+00:00 WARNING Empty patterns received from the PTK Pattern Store
2024-10-21T15:13:23+00:00 WARNING Empty patterns received from the PTK Pattern Store
2024-10-21T15:13:25+00:00 WARNING Empty patterns received from the PTK Pattern Store
2024-10-21T15:13:29+00:00 WARNING Empty patterns received from the PTK Pattern Store
2024-10-21T15:13:41+00:00 WARNING Empty patterns received from the PTK Pattern Store
2024-10-21T15:13:45+00:00 WARNING Empty patterns received from the PTK Pattern Store
2024-10-21T15:13:50+00:00 WARNING Empty patterns received from the PTK Pattern Store
2024-10-21T15:13:57+00:00 WARNING Empty patterns received from the PTK Pattern Store
2024-10-21T15:14:01+00:00 WARNING Empty patterns received from the PTK Pattern Store
2024-10-21T15:14:01+00:00 WARNING Empty patterns received from the PTK Pattern Store
2024-10-21T15:14:01+00:00 WARNING Empty patterns received from the PTK Pattern Store
2024-10-21T15:14:01+00:00 WARNING Empty patterns received from the PTK Pattern Store
2024-10-21T15:14:01+00:00 WARNING Empty patterns received from the PTK Pattern Store
2024-10-21T15:14:04+00:00 WARNING Empty patterns received from the PTK Pattern Store
2024-10-21T15:14:14+00:00 WARNING Empty patterns received from the PTK Pattern Store
2024-10-21T15:14:17+00:00 WARNING Empty patterns received from the PTK Pattern Store
2024-10-21T15:14:20+00:00 WARNING Empty patterns received from the PTK Pattern Store
2024-10-21T15:14:20+00:00 WARNING Empty patterns received from the PTK Pattern Store
2024-10-21T15:14:20+00:00 WARNING Empty patterns received from the PTK Pattern Store
2024-10-21T15:14:20+00:00 WARNING Empty patterns received from the PTK Pattern Store
2024-10-21T15:14:20+00:00 WARNING Empty patterns received from the PTK Pattern Store
2024-10-21T15:14:21+00:00 WARNING Empty patterns received from the PTK Pattern Store
2024-10-21T15:14:23+00:00 WARNING Empty patterns received from the PTK Pattern Store
2024-10-21T15:14:24+00:00 WARNING Empty patterns received from the PTK Pattern Store
2024-10-21T15:14:35+00:00 WARNING Empty patterns received from the PTK Pattern Store
2024-10-21T15:14:35+00:00 INFO Payment gateway enabled: "Stripe Card Processing"
2024-10-21T15:15:19+00:00 WARNING Empty patterns received from the PTK Pattern Store
2024-10-21T15:15:22+00:00 WARNING Empty patterns received from the PTK Pattern Store
2024-10-21T15:15:23+00:00 WARNING Empty patterns received from the PTK Pattern Store
2024-10-21T15:15:24+00:00 WARNING Empty patterns received from the PTK Pattern Store
2024-10-21T15:15:27+00:00 WARNING Empty patterns received from the PTK Pattern Store
2024-10-21T15:15:38+00:00 WARNING Empty patterns received from the PTK Pattern Store
2024-10-21T15:15:44+00:00 WARNING Empty patterns received from the PTK Pattern Store
2024-10-21T15:15:44+00:00 WARNING Empty patterns received from the PTK Pattern Store
2024-10-21T15:15:44+00:00 WARNING Empty patterns received from the PTK Pattern Store
2024-10-21T15:15:44+00:00 WARNING Empty patterns received from the PTK Pattern Store
2024-10-21T15:15:44+00:00 WARNING Empty patterns received from the PTK Pattern Store
2024-10-21T15:15:44+00:00 WARNING Empty patterns received from the PTK Pattern Store
2024-10-21T15:15:47+00:00 WARNING Empty patterns received from the PTK Pattern Store
2024-10-21T15:15:47+00:00 WARNING Empty patterns received from the PTK Pattern Store
2024-10-21T15:15:52+00:00 WARNING Empty patterns received from the PTK Pattern Store
2024-10-21T15:15:52+00:00 INFO Payment gateway enabled: "Direct bank transfer"
2024-10-21T15:15:54+00:00 WARNING Empty patterns received from the PTK Pattern Store
2024-10-21T15:15:59+00:00 WARNING Empty patterns received from the PTK Pattern Store
2024-10-21T15:16:00+00:00 INFO Payment gateway enabled: "Direct bank transfer"
2024-10-21T15:16:19+00:00 WARNING Empty patterns received from the PTK Pattern Store
2024-10-21T15:16:22+00:00 WARNING Empty patterns received from the PTK Pattern Store
2024-10-21T15:16:32+00:00 WARNING Empty patterns received from the PTK Pattern Store
2024-10-21T15:16:36+00:00 WARNING Empty patterns received from the PTK Pattern Store
2024-10-21T15:16:44+00:00 WARNING Empty patterns received from the PTK Pattern Store
2024-10-21T15:16:55+00:00 WARNING Empty patterns received from the PTK Pattern Store
2024-10-21T15:17:21+00:00 WARNING Empty patterns received from the PTK Pattern Store
2024-10-21T15:17:23+00:00 WARNING Empty patterns received from the PTK Pattern Store
2024-10-21T15:18:00+00:00 WARNING Empty patterns received from the PTK Pattern Store
2024-10-21T15:18:04+00:00 WARNING Empty patterns received from the PTK Pattern Store
2024-10-21T15:18:29+00:00 WARNING Empty patterns received from the PTK Pattern Store
2024-10-21T15:18:32+00:00 WARNING Empty patterns received from the PTK Pattern Store
2024-10-21T15:18:33+00:00 WARNING Empty patterns received from the PTK Pattern Store
2024-10-21T15:18:34+00:00 WARNING Empty patterns received from the PTK Pattern Store
2024-10-21T15:18:38+00:00 WARNING Empty patterns received from the PTK Pattern Store
2024-10-21T15:18:38+00:00 WARNING Empty patterns received from the PTK Pattern Store
2024-10-21T15:18:38+00:00 WARNING Empty patterns received from the PTK Pattern Store
2024-10-21T15:18:45+00:00 WARNING Empty patterns received from the PTK Pattern Store
2024-10-21T15:18:48+00:00 WARNING Empty patterns received from the PTK Pattern Store
2024-10-21T15:18:50+00:00 WARNING Empty patterns received from the PTK Pattern Store
2024-10-21T15:18:53+00:00 WARNING Empty patterns received from the PTK Pattern Store
2024-10-21T15:18:59+00:00 WARNING Empty patterns received from the PTK Pattern Store
2024-10-21T15:19:04+00:00 WARNING Empty patterns received from the PTK Pattern Store
2024-10-21T15:19:18+00:00 WARNING Empty patterns received from the PTK Pattern Store
2024-10-21T15:19:21+00:00 WARNING Empty patterns received from the PTK Pattern Store
2024-10-21T15:19:28+00:00 WARNING Empty patterns received from the PTK Pattern Store
2024-10-21T15:19:32+00:00 WARNING Empty patterns received from the PTK Pattern Store
2024-10-21T15:19:33+00:00 WARNING Empty patterns received from the PTK Pattern Store
2024-10-21T15:19:41+00:00 WARNING Empty patterns received from the PTK Pattern Store
2024-10-21T15:19:46+00:00 WARNING Empty patterns received from the PTK Pattern Store
2024-10-21T15:19:46+00:00 WARNING Empty patterns received from the PTK Pattern Store
2024-10-21T15:19:47+00:00 WARNING Empty patterns received from the PTK Pattern Store
2024-10-21T15:19:47+00:00 WARNING Empty patterns received from the PTK Pattern Store
2024-10-21T15:19:47+00:00 WARNING Empty patterns received from the PTK Pattern Store
2024-10-21T15:19:50+00:00 WARNING Empty patterns received from the PTK Pattern Store
2024-10-21T15:20:46+00:00 WARNING Empty patterns received from the PTK Pattern Store
2024-10-21T15:20:49+00:00 WARNING Empty patterns received from the PTK Pattern Store
2024-10-21T15:20:50+00:00 WARNING Empty patterns received from the PTK Pattern Store
2024-10-21T15:20:52+00:00 WARNING Empty patterns received from the PTK Pattern Store
2024-10-21T15:20:55+00:00 WARNING Empty patterns received from the PTK Pattern Store
2024-10-21T15:21:46+00:00 WARNING Empty patterns received from the PTK Pattern Store
2024-10-21T15:21:47+00:00 WARNING Empty patterns received from the PTK Pattern Store
2024-10-21T15:21:49+00:00 WARNING Empty patterns received from the PTK Pattern Store
2024-10-21T15:21:50+00:00 WARNING Empty patterns received from the PTK Pattern Store
2024-10-21T15:21:52+00:00 WARNING Empty patterns received from the PTK Pattern Store
2024-10-21T15:21:58+00:00 WARNING Empty patterns received from the PTK Pattern Store
2024-10-21T15:22:03+00:00 WARNING Empty patterns received from the PTK Pattern Store
2024-10-21T15:22:12+00:00 WARNING Empty patterns received from the PTK Pattern Store
2024-10-21T15:27:51+00:00 WARNING Empty patterns received from the PTK Pattern Store
2024-10-21T15:27:53+00:00 WARNING Empty patterns received from the PTK Pattern Store
2024-10-21T15:27:54+00:00 WARNING Empty patterns received from the PTK Pattern Store
2024-10-21T15:27:56+00:00 WARNING Empty patterns received from the PTK Pattern Store
2024-10-21T15:27:58+00:00 WARNING Empty patterns received from the PTK Pattern Store
2024-10-21T15:27:59+00:00 WARNING Empty patterns received from the PTK Pattern Store
2024-10-21T15:28:02+00:00 WARNING Empty patterns received from the PTK Pattern Store
2024-10-21T15:29:16+00:00 WARNING Empty patterns received from the PTK Pattern Store
2024-10-21T15:29:19+00:00 WARNING Empty patterns received from the PTK Pattern Store
2024-10-21T15:29:21+00:00 WARNING Empty patterns received from the PTK Pattern Store
2024-10-21T15:29:21+00:00 WARNING Empty patterns received from the PTK Pattern Store
2024-10-21T15:29:24+00:00 WARNING Empty patterns received from the PTK Pattern Store
2024-10-21T15:29:28+00:00 WARNING Empty patterns received from the PTK Pattern Store
2024-10-21T15:29:28+00:00 WARNING Empty patterns received from the PTK Pattern Store
2024-10-21T15:29:28+00:00 WARNING Empty patterns received from the PTK Pattern Store
2024-10-21T15:29:28+00:00 WARNING Empty patterns received from the PTK Pattern Store
2024-10-21T15:29:28+00:00 WARNING Empty patterns received from the PTK Pattern Store
2024-10-21T15:29:31+00:00 WARNING Empty patterns received from the PTK Pattern Store
2024-10-21T15:29:41+00:00 WARNING Empty patterns received from the PTK Pattern Store
2024-10-21T15:29:47+00:00 WARNING Empty patterns received from the PTK Pattern Store
2024-10-21T15:29:47+00:00 WARNING Empty patterns received from the PTK Pattern Store
2024-10-21T15:29:47+00:00 WARNING Empty patterns received from the PTK Pattern Store
2024-10-21T15:29:47+00:00 WARNING Empty patterns received from the PTK Pattern Store
2024-10-21T15:29:47+00:00 WARNING Empty patterns received from the PTK Pattern Store
2024-10-21T15:29:48+00:00 WARNING Empty patterns received from the PTK Pattern Store
2024-10-21T15:29:50+00:00 WARNING Empty patterns received from the PTK Pattern Store
2024-10-21T15:30:01+00:00 WARNING Empty patterns received from the PTK Pattern Store
2024-10-21T15:30:16+00:00 WARNING Empty patterns received from the PTK Pattern Store
2024-10-21T15:30:19+00:00 WARNING Empty patterns received from the PTK Pattern Store
2024-10-21T15:30:21+00:00 WARNING Empty patterns received from the PTK Pattern Store
2024-10-21T15:30:24+00:00 WARNING Empty patterns received from the PTK Pattern Store
2024-10-21T15:30:25+00:00 WARNING Empty patterns received from the PTK Pattern Store
2024-10-21T15:30:32+00:00 WARNING Empty patterns received from the PTK Pattern Store
2024-10-21T15:30:47+00:00 WARNING Empty patterns received from the PTK Pattern Store
2024-10-21T15:31:03+00:00 WARNING Empty patterns received from the PTK Pattern Store
2024-10-21T15:31:18+00:00 WARNING Empty patterns received from the PTK Pattern Store
2024-10-21T15:31:20+00:00 WARNING Empty patterns received from the PTK Pattern Store
2024-10-21T15:31:34+00:00 WARNING Empty patterns received from the PTK Pattern Store
2024-10-21T15:32:48+00:00 WARNING Empty patterns received from the PTK Pattern Store
2024-10-21T15:32:50+00:00 WARNING Empty patterns received from the PTK Pattern Store
2024-10-21T15:32:51+00:00 WARNING Empty patterns received from the PTK Pattern Store
2024-10-21T15:32:53+00:00 WARNING Empty patterns received from the PTK Pattern Store
2024-10-21T15:32:55+00:00 WARNING Empty patterns received from the PTK Pattern Store
2024-10-21T15:32:58+00:00 WARNING Empty patterns received from the PTK Pattern Store
2024-10-21T15:33:17+00:00 WARNING Empty patterns received from the PTK Pattern Store
2024-10-21T15:33:20+00:00 WARNING Empty patterns received from the PTK Pattern Store
2024-10-21T15:33:33+00:00 WARNING Empty patterns received from the PTK Pattern Store
2024-10-21T15:33:37+00:00 WARNING Empty patterns received from the PTK Pattern Store
2024-10-21T15:34:07+00:00 WARNING Empty patterns received from the PTK Pattern Store
2024-10-21T15:34:15+00:00 WARNING Empty patterns received from the PTK Pattern Store
2024-10-21T15:34:17+00:00 WARNING Empty patterns received from the PTK Pattern Store
2024-10-21T15:34:19+00:00 WARNING Empty patterns received from the PTK Pattern Store
2024-10-21T15:34:22+00:00 WARNING Empty patterns received from the PTK Pattern Store
2024-10-21T15:34:24+00:00 WARNING Empty patterns received from the PTK Pattern Store
2024-10-21T15:34:27+00:00 WARNING Empty patterns received from the PTK Pattern Store
2024-10-21T15:34:30+00:00 WARNING Empty patterns received from the PTK Pattern Store
2024-10-21T15:34:35+00:00 WARNING Empty patterns received from the PTK Pattern Store
2024-10-21T15:34:37+00:00 WARNING Empty patterns received from the PTK Pattern Store
2024-10-21T15:34:46+00:00 WARNING Empty patterns received from the PTK Pattern Store
2024-10-21T15:35:11+00:00 WARNING Empty patterns received from the PTK Pattern Store
2024-10-21T15:35:13+00:00 WARNING Empty patterns received from the PTK Pattern Store
2024-10-21T15:35:17+00:00 WARNING Empty patterns received from the PTK Pattern Store
2024-10-21T15:35:19+00:00 WARNING Empty patterns received from the PTK Pattern Store
2024-10-21T15:35:20+00:00 WARNING Empty patterns received from the PTK Pattern Store
2024-10-21T15:35:23+00:00 WARNING Empty patterns received from the PTK Pattern Store
2024-10-21T15:55:20+00:00 WARNING Empty patterns received from the PTK Pattern Store
2024-10-21T15:55:36+00:00 WARNING Empty patterns received from the PTK Pattern Store
2024-10-21T15:55:47+00:00 WARNING Empty patterns received from the PTK Pattern Store
2024-10-21T16:04:41+00:00 WARNING Empty patterns received from the PTK Pattern Store
2024-10-21T16:04:49+00:00 WARNING Empty patterns received from the PTK Pattern Store
2024-10-21T22:00:54+00:00 WARNING Empty patterns received from the PTK Pattern Store
2024-10-21T22:00:55+00:00 WARNING Empty patterns received from the PTK Pattern Store
2024-10-21T22:00:56+00:00 WARNING Empty patterns received from the PTK Pattern Store
2024-10-21T22:00:57+00:00 WARNING Empty patterns received from the PTK Pattern Store
2024-10-21T22:25:22+00:00 WARNING Empty patterns received from the PTK Pattern Store
2024-10-21T22:25:57+00:00 WARNING Empty patterns received from the PTK Pattern Store
2024-10-21T22:26:20+00:00 WARNING Empty patterns received from the PTK Pattern Store
2024-10-21T22:26:24+00:00 WARNING Empty patterns received from the PTK Pattern Store
2024-10-21T22:26:26+00:00 WARNING Empty patterns received from the PTK Pattern Store
2024-10-21T22:27:42+00:00 WARNING Empty patterns received from the PTK Pattern Store
2024-10-21T22:27:45+00:00 WARNING Empty patterns received from the PTK Pattern Store
2024-10-21T22:27:47+00:00 WARNING Empty patterns received from the PTK Pattern Store
2024-10-21T22:27:49+00:00 WARNING Empty patterns received from the PTK Pattern Store
2024-10-21T22:27:50+00:00 WARNING Empty patterns received from the PTK Pattern Store
2024-10-21T22:27:54+00:00 WARNING Empty patterns received from the PTK Pattern Store
2024-10-21T22:27:59+00:00 WARNING Empty patterns received from the PTK Pattern Store
2024-10-21T22:28:05+00:00 WARNING Empty patterns received from the PTK Pattern Store
2024-10-21T22:28:28+00:00 WARNING Empty patterns received from the PTK Pattern Store
2024-10-21T22:28:30+00:00 WARNING Empty patterns received from the PTK Pattern Store
2024-10-21T22:28:32+00:00 WARNING Empty patterns received from the PTK Pattern Store
2024-10-21T22:28:38+00:00 WARNING Empty patterns received from the PTK Pattern Store
2024-10-21T22:28:45+00:00 WARNING Empty patterns received from the PTK Pattern Store
2024-10-21T22:29:02+00:00 WARNING Empty patterns received from the PTK Pattern Store
2024-10-21T22:29:05+00:00 WARNING Empty patterns received from the PTK Pattern Store
2024-10-21T22:29:11+00:00 WARNING Empty patterns received from the PTK Pattern Store
2024-10-21T22:29:45+00:00 WARNING Empty patterns received from the PTK Pattern Store
2024-10-21T22:29:46+00:00 WARNING Empty patterns received from the PTK Pattern Store
2024-10-21T22:29:48+00:00 WARNING Empty patterns received from the PTK Pattern Store
2024-10-21T22:30:43+00:00 WARNING Empty patterns received from the PTK Pattern Store
2024-10-21T22:30:47+00:00 WARNING Empty patterns received from the PTK Pattern Store
2024-10-21T22:30:48+00:00 WARNING Empty patterns received from the PTK Pattern Store
2024-10-21T22:30:51+00:00 WARNING Empty patterns received from the PTK Pattern Store
2024-10-21T22:30:54+00:00 WARNING Empty patterns received from the PTK Pattern Store
2024-10-21T22:30:55+00:00 WARNING Empty patterns received from the PTK Pattern Store
2024-10-21T22:31:31+00:00 WARNING Empty patterns received from the PTK Pattern Store
2024-10-21T22:31:35+00:00 WARNING Empty patterns received from the PTK Pattern Store
2024-10-21T22:31:36+00:00 WARNING Empty patterns received from the PTK Pattern Store
2024-10-21T22:31:47+00:00 WARNING Empty patterns received from the PTK Pattern Store
2024-10-21T22:31:53+00:00 WARNING Empty patterns received from the PTK Pattern Store
2024-10-21T22:31:56+00:00 WARNING Empty patterns received from the PTK Pattern Store
2024-10-21T22:32:11+00:00 WARNING Empty patterns received from the PTK Pattern Store
2024-10-21T22:32:35+00:00 WARNING Empty patterns received from the PTK Pattern Store
2024-10-21T22:32:39+00:00 WARNING Empty patterns received from the PTK Pattern Store
2024-10-21T22:32:44+00:00 WARNING Empty patterns received from the PTK Pattern Store
2024-10-21T22:32:54+00:00 WARNING Empty patterns received from the PTK Pattern Store
2024-10-21T22:32:58+00:00 WARNING Empty patterns received from the PTK Pattern Store
2024-10-21T22:32:59+00:00 WARNING Empty patterns received from the PTK Pattern Store
2024-10-21T22:33:02+00:00 WARNING Empty patterns received from the PTK Pattern Store
2024-10-21T22:33:05+00:00 WARNING Empty patterns received from the PTK Pattern Store
2024-10-21T22:33:47+00:00 WARNING Empty patterns received from the PTK Pattern Store
2024-10-21T22:33:50+00:00 WARNING Empty patterns received from the PTK Pattern Store
2024-10-21T22:33:59+00:00 WARNING Empty patterns received from the PTK Pattern Store
2024-10-21T22:35:00+00:00 WARNING Empty patterns received from the PTK Pattern Store
2024-10-21T22:35:03+00:00 WARNING Empty patterns received from the PTK Pattern Store
2024-10-21T22:35:06+00:00 WARNING Empty patterns received from the PTK Pattern Store
2024-10-21T22:35:10+00:00 WARNING Empty patterns received from the PTK Pattern Store
2024-10-21T22:35:21+00:00 WARNING Empty patterns received from the PTK Pattern Store
2024-10-21T22:35:25+00:00 WARNING Empty patterns received from the PTK Pattern Store
2024-10-21T22:35:27+00:00 WARNING Empty patterns received from the PTK Pattern Store
2024-10-21T22:35:36+00:00 WARNING Empty patterns received from the PTK Pattern Store
2024-10-21T22:35:41+00:00 WARNING Empty patterns received from the PTK Pattern Store
2024-10-21T22:35:41+00:00 WARNING Empty patterns received from the PTK Pattern Store
2024-10-21T22:35:41+00:00 WARNING Empty patterns received from the PTK Pattern Store
2024-10-21T22:35:41+00:00 WARNING Empty patterns received from the PTK Pattern Store
2024-10-21T22:35:41+00:00 WARNING Empty patterns received from the PTK Pattern Store
2024-10-21T22:35:41+00:00 WARNING Empty patterns received from the PTK Pattern Store
2024-10-21T22:35:46+00:00 WARNING Empty patterns received from the PTK Pattern Store
2024-10-21T22:35:46+00:00 WARNING Empty patterns received from the PTK Pattern Store
2024-10-21T22:35:46+00:00 WARNING Empty patterns received from the PTK Pattern Store
2024-10-21T22:35:49+00:00 WARNING Empty patterns received from the PTK Pattern Store
2024-10-21T22:35:52+00:00 WARNING Empty patterns received from the PTK Pattern Store
2024-10-21T22:35:52+00:00 WARNING Empty patterns received from the PTK Pattern Store
2024-10-21T22:35:52+00:00 WARNING Empty patterns received from the PTK Pattern Store
2024-10-21T22:35:52+00:00 WARNING Empty patterns received from the PTK Pattern Store
2024-10-21T22:35:53+00:00 WARNING Empty patterns received from the PTK Pattern Store
2024-10-21T22:35:56+00:00 WARNING Empty patterns received from the PTK Pattern Store
2024-10-21T22:35:56+00:00 WARNING Empty patterns received from the PTK Pattern Store
2024-10-21T22:36:05+00:00 WARNING Empty patterns received from the PTK Pattern Store
2024-10-21T22:36:07+00:00 WARNING Empty patterns received from the PTK Pattern Store
2024-10-21T22:36:12+00:00 WARNING Empty patterns received from the PTK Pattern Store
2024-10-21T22:36:18+00:00 WARNING Empty patterns received from the PTK Pattern Store
2024-10-21T22:36:18+00:00 WARNING Empty patterns received from the PTK Pattern Store
2024-10-21T22:36:18+00:00 WARNING Empty patterns received from the PTK Pattern Store
2024-10-21T22:36:18+00:00 WARNING Empty patterns received from the PTK Pattern Store
2024-10-21T22:36:18+00:00 WARNING Empty patterns received from the PTK Pattern Store
2024-10-21T22:36:19+00:00 WARNING Empty patterns received from the PTK Pattern Store
2024-10-21T22:36:22+00:00 WARNING Empty patterns received from the PTK Pattern Store
2024-10-21T22:36:22+00:00 WARNING Empty patterns received from the PTK Pattern Store
2024-10-21T22:36:22+00:00 WARNING Empty patterns received from the PTK Pattern Store
2024-10-21T22:36:22+00:00 WARNING Empty patterns received from the PTK Pattern Store
2024-10-21T22:36:22+00:00 WARNING Empty patterns received from the PTK Pattern Store
2024-10-21T22:36:23+00:00 WARNING Empty patterns received from the PTK Pattern Store
2024-10-21T22:36:33+00:00 WARNING Empty patterns received from the PTK Pattern Store
2024-10-21T22:36:48+00:00 WARNING Empty patterns received from the PTK Pattern Store
2024-10-21T22:36:50+00:00 WARNING Empty patterns received from the PTK Pattern Store
2024-10-21T22:36:51+00:00 WARNING Empty patterns received from the PTK Pattern Store
2024-10-21T22:37:03+00:00 WARNING Empty patterns received from the PTK Pattern Store
2024-10-21T22:37:05+00:00 WARNING Empty patterns received from the PTK Pattern Store
2024-10-21T22:37:27+00:00 WARNING Empty patterns received from the PTK Pattern Store
2024-10-21T22:37:31+00:00 WARNING Empty patterns received from the PTK Pattern Store
2024-10-21T22:37:32+00:00 WARNING Empty patterns received from the PTK Pattern Store
2024-10-21T22:37:33+00:00 WARNING Empty patterns received from the PTK Pattern Store
2024-10-21T22:37:34+00:00 WARNING Empty patterns received from the PTK Pattern Store
2024-10-21T22:37:35+00:00 WARNING Empty patterns received from the PTK Pattern Store
2024-10-21T22:37:39+00:00 WARNING Empty patterns received from the PTK Pattern Store
2024-10-21T22:37:39+00:00 WARNING Empty patterns received from the PTK Pattern Store
2024-10-21T22:37:41+00:00 WARNING Empty patterns received from the PTK Pattern Store
2024-10-21T22:37:42+00:00 WARNING Empty patterns received from the PTK Pattern Store
2024-10-21T22:37:45+00:00 WARNING Empty patterns received from the PTK Pattern Store
2024-10-21T22:37:45+00:00 WARNING Empty patterns received from the PTK Pattern Store
2024-10-21T22:37:45+00:00 WARNING Empty patterns received from the PTK Pattern Store
2024-10-21T22:37:45+00:00 WARNING Empty patterns received from the PTK Pattern Store
2024-10-21T22:37:46+00:00 WARNING Empty patterns received from the PTK Pattern Store
2024-10-21T22:37:50+00:00 WARNING Empty patterns received from the PTK Pattern Store
2024-10-21T22:37:50+00:00 WARNING Empty patterns received from the PTK Pattern Store
2024-10-21T22:37:50+00:00 WARNING Empty patterns received from the PTK Pattern Store
2024-10-21T22:37:55+00:00 WARNING Empty patterns received from the PTK Pattern Store
2024-10-21T22:38:00+00:00 WARNING Empty patterns received from the PTK Pattern Store
2024-10-21T22:38:15+00:00 WARNING Empty patterns received from the PTK Pattern Store
2024-10-21T22:38:18+00:00 WARNING Empty patterns received from the PTK Pattern Store
2024-10-21T22:38:29+00:00 WARNING Empty patterns received from the PTK Pattern Store
2024-10-21T22:38:30+00:00 WARNING Empty patterns received from the PTK Pattern Store
2024-10-21T22:38:34+00:00 WARNING Empty patterns received from the PTK Pattern Store
2024-10-21T22:38:34+00:00 WARNING Empty patterns received from the PTK Pattern Store
2024-10-21T22:38:34+00:00 WARNING Empty patterns received from the PTK Pattern Store
2024-10-21T22:38:34+00:00 WARNING Empty patterns received from the PTK Pattern Store
2024-10-21T22:38:34+00:00 WARNING Empty patterns received from the PTK Pattern Store
2024-10-21T22:38:38+00:00 WARNING Empty patterns received from the PTK Pattern Store
2024-10-21T22:38:49+00:00 WARNING Empty patterns received from the PTK Pattern Store
2024-10-21T22:39:34+00:00 WARNING Empty patterns received from the PTK Pattern Store
2024-10-21T22:39:38+00:00 WARNING Empty patterns received from the PTK Pattern Store
2024-10-21T22:39:39+00:00 WARNING Empty patterns received from the PTK Pattern Store
2024-10-21T22:39:41+00:00 WARNING Empty patterns received from the PTK Pattern Store
2024-10-21T22:39:46+00:00 WARNING Empty patterns received from the PTK Pattern Store
2024-10-21T22:40:09+00:00 WARNING Empty patterns received from the PTK Pattern Store
2024-10-21T22:40:15+00:00 WARNING Empty patterns received from the PTK Pattern Store
2024-10-21T22:40:15+00:00 WARNING Empty patterns received from the PTK Pattern Store
2024-10-21T22:40:15+00:00 WARNING Empty patterns received from the PTK Pattern Store
2024-10-21T22:40:15+00:00 WARNING Empty patterns received from the PTK Pattern Store
2024-10-21T22:40:15+00:00 WARNING Empty patterns received from the PTK Pattern Store
2024-10-21T22:40:19+00:00 WARNING Empty patterns received from the PTK Pattern Store
2024-10-21T22:40:20+00:00 WARNING Empty patterns received from the PTK Pattern Store
2024-10-21T22:40:21+00:00 WARNING Empty patterns received from the PTK Pattern Store
2024-10-21T22:40:27+00:00 WARNING Empty patterns received from the PTK Pattern Store
2024-10-21T22:40:27+00:00 WARNING Empty patterns received from the PTK Pattern Store
2024-10-21T22:40:27+00:00 WARNING Empty patterns received from the PTK Pattern Store
2024-10-21T22:40:27+00:00 WARNING Empty patterns received from the PTK Pattern Store
2024-10-21T22:40:27+00:00 WARNING Empty patterns received from the PTK Pattern Store
2024-10-21T22:40:27+00:00 WARNING Empty patterns received from the PTK Pattern Store
2024-10-21T22:40:30+00:00 WARNING Empty patterns received from the PTK Pattern Store
2024-10-21T22:40:31+00:00 WARNING Empty patterns received from the PTK Pattern Store
2024-10-21T22:40:51+00:00 WARNING Empty patterns received from the PTK Pattern Store
2024-10-21T22:41:16+00:00 WARNING Empty patterns received from the PTK Pattern Store
2024-10-21T22:41:20+00:00 WARNING Empty patterns received from the PTK Pattern Store
2024-10-21T22:41:23+00:00 WARNING Empty patterns received from the PTK Pattern Store
2024-10-21T22:41:23+00:00 WARNING Empty patterns received from the PTK Pattern Store
2024-10-21T22:41:23+00:00 WARNING Empty patterns received from the PTK Pattern Store
2024-10-21T22:41:23+00:00 WARNING Empty patterns received from the PTK Pattern Store
2024-10-21T22:41:23+00:00 WARNING Empty patterns received from the PTK Pattern Store
2024-10-21T22:41:27+00:00 WARNING Empty patterns received from the PTK Pattern Store
2024-10-21T22:41:27+00:00 WARNING Empty patterns received from the PTK Pattern Store
2024-10-21T22:41:27+00:00 WARNING Empty patterns received from the PTK Pattern Store
2024-10-21T22:41:27+00:00 WARNING Empty patterns received from the PTK Pattern Store
2024-10-21T22:41:30+00:00 WARNING Empty patterns received from the PTK Pattern Store
2024-10-21T22:41:34+00:00 WARNING Empty patterns received from the PTK Pattern Store
2024-10-21T22:41:35+00:00 WARNING Empty patterns received from the PTK Pattern Store
2024-10-21T22:41:35+00:00 WARNING Empty patterns received from the PTK Pattern Store
2024-10-21T22:41:35+00:00 WARNING Empty patterns received from the PTK Pattern Store
2024-10-21T22:41:35+00:00 WARNING Empty patterns received from the PTK Pattern Store
2024-10-21T22:41:35+00:00 WARNING Empty patterns received from the PTK Pattern Store
2024-10-21T22:41:40+00:00 WARNING Empty patterns received from the PTK Pattern Store
2024-10-21T22:42:28+00:00 WARNING Empty patterns received from the PTK Pattern Store
2024-10-21T22:42:32+00:00 WARNING Empty patterns received from the PTK Pattern Store
2024-10-21T22:42:35+00:00 WARNING Empty patterns received from the PTK Pattern Store
2024-10-21T22:42:35+00:00 WARNING Empty patterns received from the PTK Pattern Store
2024-10-21T22:42:35+00:00 WARNING Empty patterns received from the PTK Pattern Store
2024-10-21T22:42:35+00:00 WARNING Empty patterns received from the PTK Pattern Store
2024-10-21T22:42:36+00:00 WARNING Empty patterns received from the PTK Pattern Store
2024-10-21T22:42:36+00:00 WARNING Empty patterns received from the PTK Pattern Store
2024-10-21T22:42:36+00:00 WARNING Empty patterns received from the PTK Pattern Store
2024-10-21T22:42:40+00:00 WARNING Empty patterns received from the PTK Pattern Store
2024-10-21T22:42:51+00:00 WARNING Empty patterns received from the PTK Pattern Store
2024-10-21T22:42:54+00:00 WARNING Empty patterns received from the PTK Pattern Store
2024-10-21T22:42:58+00:00 WARNING Empty patterns received from the PTK Pattern Store
2024-10-21T22:42:58+00:00 WARNING Empty patterns received from the PTK Pattern Store
2024-10-21T22:42:58+00:00 WARNING Empty patterns received from the PTK Pattern Store
2024-10-21T22:42:58+00:00 WARNING Empty patterns received from the PTK Pattern Store
2024-10-21T22:42:58+00:00 WARNING Empty patterns received from the PTK Pattern Store
2024-10-21T22:42:58+00:00 WARNING Empty patterns received from the PTK Pattern Store
2024-10-21T22:43:02+00:00 WARNING Empty patterns received from the PTK Pattern Store
2024-10-21T22:43:02+00:00 WARNING Empty patterns received from the PTK Pattern Store
2024-10-21T22:43:02+00:00 WARNING Empty patterns received from the PTK Pattern Store
2024-10-21T22:43:02+00:00 WARNING Empty patterns received from the PTK Pattern Store
2024-10-21T22:43:02+00:00 WARNING Empty patterns received from the PTK Pattern Store
2024-10-21T22:43:02+00:00 WARNING Empty patterns received from the PTK Pattern Store
2024-10-21T22:43:06+00:00 WARNING Empty patterns received from the PTK Pattern Store
2024-10-21T22:43:06+00:00 WARNING Empty patterns received from the PTK Pattern Store
2024-10-21T22:43:06+00:00 WARNING Empty patterns received from the PTK Pattern Store
2024-10-21T22:43:06+00:00 WARNING Empty patterns received from the PTK Pattern Store
2024-10-21T22:43:06+00:00 WARNING Empty patterns received from the PTK Pattern Store
2024-10-21T22:43:06+00:00 WARNING Empty patterns received from the PTK Pattern Store
2024-10-21T22:43:11+00:00 WARNING Empty patterns received from the PTK Pattern Store
2024-10-21T22:43:12+00:00 WARNING Empty patterns received from the PTK Pattern Store
2024-10-21T22:43:12+00:00 WARNING Empty patterns received from the PTK Pattern Store
2024-10-21T22:43:16+00:00 WARNING Empty patterns received from the PTK Pattern Store
2024-10-21T22:43:19+00:00 WARNING Empty patterns received from the PTK Pattern Store
2024-10-21T22:43:22+00:00 WARNING Empty patterns received from the PTK Pattern Store
2024-10-21T22:43:22+00:00 WARNING Empty patterns received from the PTK Pattern Store
2024-10-21T22:43:22+00:00 WARNING Empty patterns received from the PTK Pattern Store
2024-10-21T22:43:22+00:00 WARNING Empty patterns received from the PTK Pattern Store
2024-10-21T22:43:22+00:00 WARNING Empty patterns received from the PTK Pattern Store
2024-10-21T22:43:26+00:00 WARNING Empty patterns received from the PTK Pattern Store
2024-10-21T22:43:33+00:00 WARNING Empty patterns received from the PTK Pattern Store
2024-10-21T22:43:38+00:00 WARNING Empty patterns received from the PTK Pattern Store
2024-10-21T22:43:38+00:00 WARNING Empty patterns received from the PTK Pattern Store
2024-10-21T22:43:38+00:00 WARNING Empty patterns received from the PTK Pattern Store
2024-10-21T22:43:38+00:00 WARNING Empty patterns received from the PTK Pattern Store
2024-10-21T22:43:38+00:00 WARNING Empty patterns received from the PTK Pattern Store
2024-10-21T22:43:43+00:00 WARNING Empty patterns received from the PTK Pattern Store
2024-10-21T22:43:43+00:00 WARNING Empty patterns received from the PTK Pattern Store
2024-10-21T22:43:43+00:00 WARNING Empty patterns received from the PTK Pattern Store
2024-10-21T22:43:44+00:00 WARNING Empty patterns received from the PTK Pattern Store
2024-10-21T22:43:49+00:00 WARNING Empty patterns received from the PTK Pattern Store
2024-10-21T22:43:49+00:00 WARNING Empty patterns received from the PTK Pattern Store
2024-10-21T22:43:49+00:00 WARNING Empty patterns received from the PTK Pattern Store
2024-10-21T22:43:49+00:00 WARNING Empty patterns received from the PTK Pattern Store
2024-10-21T22:43:49+00:00 WARNING Empty patterns received from the PTK Pattern Store
2024-10-21T22:43:49+00:00 WARNING Empty patterns received from the PTK Pattern Store
2024-10-21T22:43:53+00:00 WARNING Empty patterns received from the PTK Pattern Store
2024-10-21T22:43:58+00:00 WARNING Empty patterns received from the PTK Pattern Store
2024-10-21T22:44:04+00:00 WARNING Empty patterns received from the PTK Pattern Store
2024-10-21T22:44:05+00:00 WARNING Empty patterns received from the PTK Pattern Store
2024-10-21T22:44:05+00:00 WARNING Empty patterns received from the PTK Pattern Store
2024-10-21T22:44:05+00:00 WARNING Empty patterns received from the PTK Pattern Store
2024-10-21T22:44:05+00:00 WARNING Empty patterns received from the PTK Pattern Store
2024-10-21T22:44:05+00:00 WARNING Empty patterns received from the PTK Pattern Store
2024-10-21T22:44:09+00:00 WARNING Empty patterns received from the PTK Pattern Store
2024-10-21T22:44:09+00:00 WARNING Empty patterns received from the PTK Pattern Store
2024-10-21T22:44:12+00:00 WARNING Empty patterns received from the PTK Pattern Store
2024-10-21T22:44:19+00:00 WARNING Empty patterns received from the PTK Pattern Store
2024-10-21T22:44:21+00:00 WARNING Empty patterns received from the PTK Pattern Store
2024-10-21T22:44:23+00:00 WARNING Empty patterns received from the PTK Pattern Store
2024-10-21T22:44:35+00:00 WARNING Empty patterns received from the PTK Pattern Store
2024-10-21T22:44:38+00:00 WARNING Empty patterns received from the PTK Pattern Store
2024-10-21T22:44:42+00:00 WARNING Empty patterns received from the PTK Pattern Store
2024-10-21T22:44:45+00:00 WARNING Empty patterns received from the PTK Pattern Store
2024-10-21T22:44:48+00:00 WARNING Empty patterns received from the PTK Pattern Store
2024-10-21T22:44:51+00:00 WARNING Empty patterns received from the PTK Pattern Store
2024-10-21T22:44:53+00:00 WARNING Empty patterns received from the PTK Pattern Store
2024-10-21T22:44:55+00:00 WARNING Empty patterns received from the PTK Pattern Store
2024-10-21T22:44:56+00:00 WARNING Empty patterns received from the PTK Pattern Store
2024-10-21T22:45:01+00:00 WARNING Empty patterns received from the PTK Pattern Store
2024-10-21T22:45:01+00:00 WARNING Empty patterns received from the PTK Pattern Store
2024-10-21T22:45:01+00:00 WARNING Empty patterns received from the PTK Pattern Store
2024-10-21T22:45:01+00:00 WARNING Empty patterns received from the PTK Pattern Store
2024-10-21T22:45:01+00:00 WARNING Empty patterns received from the PTK Pattern Store
2024-10-21T22:45:02+00:00 WARNING Empty patterns received from the PTK Pattern Store
2024-10-21T22:45:05+00:00 WARNING Empty patterns received from the PTK Pattern Store
2024-10-21T22:45:05+00:00 WARNING Empty patterns received from the PTK Pattern Store
2024-10-21T22:45:09+00:00 WARNING Empty patterns received from the PTK Pattern Store
2024-10-21T22:45:16+00:00 WARNING Empty patterns received from the PTK Pattern Store
2024-10-21T22:45:20+00:00 WARNING Empty patterns received from the PTK Pattern Store
2024-10-21T22:45:22+00:00 WARNING Empty patterns received from the PTK Pattern Store
2024-10-21T22:45:27+00:00 WARNING Empty patterns received from the PTK Pattern Store
2024-10-21T22:45:29+00:00 WARNING Empty patterns received from the PTK Pattern Store
2024-10-21T22:45:32+00:00 WARNING Empty patterns received from the PTK Pattern Store
2024-10-21T22:46:10+00:00 WARNING Empty patterns received from the PTK Pattern Store
2024-10-21T22:46:15+00:00 WARNING Empty patterns received from the PTK Pattern Store
2024-10-21T22:46:19+00:00 WARNING Empty patterns received from the PTK Pattern Store
2024-10-21T22:46:29+00:00 WARNING Empty patterns received from the PTK Pattern Store
2024-10-21T22:46:53+00:00 WARNING Empty patterns received from the PTK Pattern Store
2024-10-21T22:47:00+00:00 WARNING Empty patterns received from the PTK Pattern Store
2024-10-21T22:47:04+00:00 WARNING Empty patterns received from the PTK Pattern Store
2024-10-21T22:47:09+00:00 WARNING Empty patterns received from the PTK Pattern Store
2024-10-21T22:47:09+00:00 WARNING Empty patterns received from the PTK Pattern Store
2024-10-21T22:47:09+00:00 WARNING Empty patterns received from the PTK Pattern Store
2024-10-21T22:47:09+00:00 WARNING Empty patterns received from the PTK Pattern Store
2024-10-21T22:47:09+00:00 WARNING Empty patterns received from the PTK Pattern Store
2024-10-21T22:47:09+00:00 WARNING Empty patterns received from the PTK Pattern Store
2024-10-21T22:47:16+00:00 WARNING Empty patterns received from the PTK Pattern Store
2024-10-21T22:47:19+00:00 WARNING Empty patterns received from the PTK Pattern Store
2024-10-21T22:47:20+00:00 WARNING Empty patterns received from the PTK Pattern Store
2024-10-21T22:47:23+00:00 WARNING Empty patterns received from the PTK Pattern Store
2024-10-21T22:47:26+00:00 WARNING Empty patterns received from the PTK Pattern Store
2024-10-21T22:47:50+00:00 WARNING Empty patterns received from the PTK Pattern Store
2024-10-21T22:47:54+00:00 WARNING Empty patterns received from the PTK Pattern Store
2024-10-21T22:48:00+00:00 WARNING Empty patterns received from the PTK Pattern Store
2024-10-21T22:48:03+00:00 WARNING Empty patterns received from the PTK Pattern Store
2024-10-21T22:48:08+00:00 WARNING Empty patterns received from the PTK Pattern Store
2024-10-21T22:48:08+00:00 WARNING Empty patterns received from the PTK Pattern Store
2024-10-21T22:48:08+00:00 WARNING Empty patterns received from the PTK Pattern Store
2024-10-21T22:48:08+00:00 WARNING Empty patterns received from the PTK Pattern Store
2024-10-21T22:48:08+00:00 WARNING Empty patterns received from the PTK Pattern Store
2024-10-21T22:48:08+00:00 WARNING Empty patterns received from the PTK Pattern Store
2024-10-21T22:49:17+00:00 WARNING Empty patterns received from the PTK Pattern Store
2024-10-21T22:49:21+00:00 WARNING Empty patterns received from the PTK Pattern Store
2024-10-21T22:50:17+00:00 WARNING Empty patterns received from the PTK Pattern Store
2024-10-21T22:50:21+00:00 WARNING Empty patterns received from the PTK Pattern Store
2024-10-21T22:50:24+00:00 WARNING Empty patterns received from the PTK Pattern Store
2024-10-21T22:50:28+00:00 WARNING Empty patterns received from the PTK Pattern Store
2024-10-21T22:50:30+00:00 WARNING Empty patterns received from the PTK Pattern Store
2024-10-21T22:51:17+00:00 WARNING Empty patterns received from the PTK Pattern Store
2024-10-21T22:51:20+00:00 WARNING Empty patterns received from the PTK Pattern Store
2024-10-21T22:51:46+00:00 WARNING Empty patterns received from the PTK Pattern Store
2024-10-21T22:51:51+00:00 WARNING Empty patterns received from the PTK Pattern Store
2024-10-21T22:52:34+00:00 WARNING Empty patterns received from the PTK Pattern Store
2024-10-21T22:52:38+00:00 WARNING Empty patterns received from the PTK Pattern Store
2024-10-21T22:52:39+00:00 WARNING Empty patterns received from the PTK Pattern Store
2024-10-21T22:52:42+00:00 WARNING Empty patterns received from the PTK Pattern Store
2024-10-21T22:52:45+00:00 WARNING Empty patterns received from the PTK Pattern Store
2024-10-21T22:52:51+00:00 WARNING Empty patterns received from the PTK Pattern Store
2024-10-21T22:52:52+00:00 WARNING Empty patterns received from the PTK Pattern Store
2024-10-21T22:53:07+00:00 WARNING Empty patterns received from the PTK Pattern Store
2024-10-21T22:53:09+00:00 WARNING Empty patterns received from the PTK Pattern Store
2024-10-21T22:53:14+00:00 WARNING Empty patterns received from the PTK Pattern Store
2024-10-21T22:53:18+00:00 WARNING Empty patterns received from the PTK Pattern Store
2024-10-21T22:53:20+00:00 WARNING Empty patterns received from the PTK Pattern Store
2024-10-21T22:53:21+00:00 WARNING Empty patterns received from the PTK Pattern Store
2024-10-21T22:53:26+00:00 WARNING Empty patterns received from the PTK Pattern Store
2024-10-21T22:53:30+00:00 WARNING Empty patterns received from the PTK Pattern Store
2024-10-21T22:53:34+00:00 WARNING Empty patterns received from the PTK Pattern Store
2024-10-21T22:53:40+00:00 WARNING Empty patterns received from the PTK Pattern Store
2024-10-21T22:53:46+00:00 WARNING Empty patterns received from the PTK Pattern Store
2024-10-21T22:54:52+00:00 WARNING Empty patterns received from the PTK Pattern Store
2024-10-21T22:54:56+00:00 WARNING Empty patterns received from the PTK Pattern Store
2024-10-21T22:54:57+00:00 WARNING Empty patterns received from the PTK Pattern Store
2024-10-21T22:55:00+00:00 WARNING Empty patterns received from the PTK Pattern Store
2024-10-21T22:55:04+00:00 WARNING Empty patterns received from the PTK Pattern Store
2024-10-21T22:55:26+00:00 WARNING Empty patterns received from the PTK Pattern Store
2024-10-21T22:55:47+00:00 WARNING Empty patterns received from the PTK Pattern Store
2024-10-21T22:55:51+00:00 WARNING Empty patterns received from the PTK Pattern Store
2024-10-21T22:55:52+00:00 WARNING Empty patterns received from the PTK Pattern Store
2024-10-21T22:55:54+00:00 WARNING Empty patterns received from the PTK Pattern Store
2024-10-21T22:55:55+00:00 WARNING Empty patterns received from the PTK Pattern Store
2024-10-21T22:55:59+00:00 WARNING Empty patterns received from the PTK Pattern Store
2024-10-21T22:56:00+00:00 WARNING Empty patterns received from the PTK Pattern Store
2024-10-21T22:56:20+00:00 WARNING Empty patterns received from the PTK Pattern Store
2024-10-21T22:56:54+00:00 WARNING Empty patterns received from the PTK Pattern Store
2024-10-21T22:57:21+00:00 WARNING Empty patterns received from the PTK Pattern Store
2024-10-21T22:57:25+00:00 WARNING Empty patterns received from the PTK Pattern Store
2024-10-21T22:57:28+00:00 WARNING Empty patterns received from the PTK Pattern Store
2024-10-21T22:57:29+00:00 WARNING Empty patterns received from the PTK Pattern Store
2024-10-21T22:57:33+00:00 WARNING Empty patterns received from the PTK Pattern Store
2024-10-21T22:57:38+00:00 WARNING Empty patterns received from the PTK Pattern Store
2024-10-21T22:57:38+00:00 WARNING Empty patterns received from the PTK Pattern Store
2024-10-21T22:57:38+00:00 WARNING Empty patterns received from the PTK Pattern Store
2024-10-21T22:57:47+00:00 WARNING Empty patterns received from the PTK Pattern Store
2024-10-21T22:57:53+00:00 WARNING Empty patterns received from the PTK Pattern Store
2024-10-21T22:57:53+00:00 WARNING Empty patterns received from the PTK Pattern Store
2024-10-21T22:57:53+00:00 WARNING Empty patterns received from the PTK Pattern Store
2024-10-21T22:57:53+00:00 WARNING Empty patterns received from the PTK Pattern Store
2024-10-21T22:57:53+00:00 WARNING Empty patterns received from the PTK Pattern Store
2024-10-21T22:57:53+00:00 WARNING Empty patterns received from the PTK Pattern Store
2024-10-21T22:57:57+00:00 WARNING Empty patterns received from the PTK Pattern Store
2024-10-21T22:57:57+00:00 WARNING Empty patterns received from the PTK Pattern Store
2024-10-21T22:57:57+00:00 WARNING Empty patterns received from the PTK Pattern Store
2024-10-21T22:57:57+00:00 WARNING Empty patterns received from the PTK Pattern Store
2024-10-21T22:57:57+00:00 WARNING Empty patterns received from the PTK Pattern Store
2024-10-21T22:57:57+00:00 WARNING Empty patterns received from the PTK Pattern Store
2024-10-21T22:58:01+00:00 WARNING Empty patterns received from the PTK Pattern Store
2024-10-21T22:58:01+00:00 WARNING Empty patterns received from the PTK Pattern Store
2024-10-21T22:58:01+00:00 WARNING Empty patterns received from the PTK Pattern Store
2024-10-21T22:58:01+00:00 WARNING Empty patterns received from the PTK Pattern Store
2024-10-21T22:58:02+00:00 WARNING Empty patterns received from the PTK Pattern Store
2024-10-21T22:58:11+00:00 WARNING Empty patterns received from the PTK Pattern Store
2024-10-21T22:58:16+00:00 WARNING Empty patterns received from the PTK Pattern Store
2024-10-21T22:58:16+00:00 WARNING Empty patterns received from the PTK Pattern Store
2024-10-21T22:58:16+00:00 WARNING Empty patterns received from the PTK Pattern Store
2024-10-21T22:58:16+00:00 WARNING Empty patterns received from the PTK Pattern Store
2024-10-21T22:58:17+00:00 WARNING Empty patterns received from the PTK Pattern Store
2024-10-21T22:58:21+00:00 WARNING Empty patterns received from the PTK Pattern Store
2024-10-21T22:58:21+00:00 WARNING Empty patterns received from the PTK Pattern Store
2024-10-21T22:58:22+00:00 WARNING Empty patterns received from the PTK Pattern Store
2024-10-21T22:58:47+00:00 WARNING Empty patterns received from the PTK Pattern Store
2024-10-21T22:58:53+00:00 WARNING Empty patterns received from the PTK Pattern Store
2024-10-21T22:58:53+00:00 WARNING Empty patterns received from the PTK Pattern Store
2024-10-21T22:58:53+00:00 WARNING Empty patterns received from the PTK Pattern Store
2024-10-21T22:58:53+00:00 WARNING Empty patterns received from the PTK Pattern Store
2024-10-21T22:58:53+00:00 WARNING Empty patterns received from the PTK Pattern Store
2024-10-21T22:58:55+00:00 WARNING Empty patterns received from the PTK Pattern Store
2024-10-21T22:58:57+00:00 WARNING Empty patterns received from the PTK Pattern Store
2024-10-21T22:58:57+00:00 WARNING Empty patterns received from the PTK Pattern Store
2024-10-21T22:58:57+00:00 WARNING Empty patterns received from the PTK Pattern Store
2024-10-21T22:58:57+00:00 WARNING Empty patterns received from the PTK Pattern Store
2024-10-21T22:58:59+00:00 WARNING Empty patterns received from the PTK Pattern Store
2024-10-21T22:59:04+00:00 WARNING Empty patterns received from the PTK Pattern Store
2024-10-21T22:59:04+00:00 WARNING Empty patterns received from the PTK Pattern Store
2024-10-21T22:59:04+00:00 WARNING Empty patterns received from the PTK Pattern Store
2024-10-21T22:59:04+00:00 WARNING Empty patterns received from the PTK Pattern Store
2024-10-21T22:59:04+00:00 WARNING Empty patterns received from the PTK Pattern Store
2024-10-21T22:59:08+00:00 WARNING Empty patterns received from the PTK Pattern Store
2024-10-21T22:59:17+00:00 WARNING Empty patterns received from the PTK Pattern Store
2024-10-21T22:59:20+00:00 WARNING Empty patterns received from the PTK Pattern Store
2024-10-21T22:59:24+00:00 WARNING Empty patterns received from the PTK Pattern Store
2024-10-21T22:59:29+00:00 WARNING Empty patterns received from the PTK Pattern Store
2024-10-21T22:59:29+00:00 WARNING Empty patterns received from the PTK Pattern Store
2024-10-21T22:59:29+00:00 WARNING Empty patterns received from the PTK Pattern Store
2024-10-21T22:59:29+00:00 WARNING Empty patterns received from the PTK Pattern Store
2024-10-21T22:59:29+00:00 WARNING Empty patterns received from the PTK Pattern Store
2024-10-21T22:59:29+00:00 WARNING Empty patterns received from the PTK Pattern Store
2024-10-21T22:59:33+00:00 WARNING Empty patterns received from the PTK Pattern Store
2024-10-21T22:59:33+00:00 WARNING Empty patterns received from the PTK Pattern Store
2024-10-21T22:59:39+00:00 WARNING Empty patterns received from the PTK Pattern Store
2024-10-21T22:59:44+00:00 WARNING Empty patterns received from the PTK Pattern Store
2024-10-21T22:59:44+00:00 WARNING Empty patterns received from the PTK Pattern Store
2024-10-21T22:59:44+00:00 WARNING Empty patterns received from the PTK Pattern Store
2024-10-21T22:59:44+00:00 WARNING Empty patterns received from the PTK Pattern Store
2024-10-21T22:59:44+00:00 WARNING Empty patterns received from the PTK Pattern Store
2024-10-21T22:59:44+00:00 WARNING Empty patterns received from the PTK Pattern Store
2024-10-21T22:59:48+00:00 WARNING Empty patterns received from the PTK Pattern Store
2024-10-21T23:00:01+00:00 WARNING Empty patterns received from the PTK Pattern Store
2024-10-21T23:00:06+00:00 WARNING Empty patterns received from the PTK Pattern Store
2024-10-21T23:00:06+00:00 WARNING Empty patterns received from the PTK Pattern Store
2024-10-21T23:00:07+00:00 WARNING Empty patterns received from the PTK Pattern Store
2024-10-21T23:00:07+00:00 WARNING Empty patterns received from the PTK Pattern Store
2024-10-21T23:00:08+00:00 WARNING Empty patterns received from the PTK Pattern Store
2024-10-21T23:00:08+00:00 WARNING Empty patterns received from the PTK Pattern Store
2024-10-21T23:00:08+00:00 WARNING Empty patterns received from the PTK Pattern Store
2024-10-21T23:00:10+00:00 WARNING Empty patterns received from the PTK Pattern Store
2024-10-21T23:00:11+00:00 WARNING Empty patterns received from the PTK Pattern Store
2024-10-21T23:00:12+00:00 WARNING Empty patterns received from the PTK Pattern Store
2024-10-21T23:00:15+00:00 WARNING Empty patterns received from the PTK Pattern Store
2024-10-21T23:00:18+00:00 WARNING Empty patterns received from the PTK Pattern Store
2024-10-21T23:00:19+00:00 WARNING Empty patterns received from the PTK Pattern Store
2024-10-21T23:00:25+00:00 WARNING Empty patterns received from the PTK Pattern Store
2024-10-21T23:00:32+00:00 WARNING Empty patterns received from the PTK Pattern Store
2024-10-21T23:00:35+00:00 WARNING Empty patterns received from the PTK Pattern Store
2024-10-21T23:00:40+00:00 WARNING Empty patterns received from the PTK Pattern Store
2024-10-21T23:00:40+00:00 WARNING Empty patterns received from the PTK Pattern Store
2024-10-21T23:00:40+00:00 WARNING Empty patterns received from the PTK Pattern Store
2024-10-21T23:00:40+00:00 WARNING Empty patterns received from the PTK Pattern Store
2024-10-21T23:00:40+00:00 WARNING Empty patterns received from the PTK Pattern Store
2024-10-21T23:00:40+00:00 WARNING Empty patterns received from the PTK Pattern Store
2024-10-21T23:01:31+00:00 WARNING Empty patterns received from the PTK Pattern Store
2024-10-21T23:01:34+00:00 WARNING Empty patterns received from the PTK Pattern Store
