2024-10-15T00:34:50+00:00 DEBUG tt4b_product_delete: missing access token for tt4b_product_sync
2024-10-15T00:36:10+00:00 DEBUG Tt4b_Pixel_Class::inject_initiate_checkout_event: hit InitiateCheckout
2024-10-15T00:36:10+00:00 DEBUG Tt4b_Pixel_Class::inject_initiate_checkout_event: Missing option "access_token"
2024-10-15T00:36:15+00:00 DEBUG Tt4b_Pixel_Class::inject_initiate_checkout_event: hit InitiateCheckout
2024-10-15T00:36:15+00:00 DEBUG Tt4b_Pixel_Class::inject_initiate_checkout_event: Missing option "access_token"
2024-10-15T00:38:25+00:00 DEBUG Tt4b_Pixel_Class::inject_initiate_checkout_event: hit InitiateCheckout
2024-10-15T00:38:25+00:00 DEBUG Tt4b_Pixel_Class::inject_initiate_checkout_event: Missing option "access_token"
2024-10-15T00:42:16+00:00 DEBUG Tt4b_Pixel_Class::inject_initiate_checkout_event: hit InitiateCheckout
2024-10-15T00:42:16+00:00 DEBUG Tt4b_Pixel_Class::inject_initiate_checkout_event: Missing option "access_token"
2024-10-15T00:42:20+00:00 DEBUG Tt4b_Pixel_Class::inject_initiate_checkout_event: hit InitiateCheckout
2024-10-15T00:42:20+00:00 DEBUG Tt4b_Pixel_Class::inject_initiate_checkout_event: Missing option "access_token"
2024-10-15T01:09:44+00:00 DEBUG Tt4b_Pixel_Class::inject_view_content_event: hit ViewContent
2024-10-15T01:09:44+00:00 DEBUG Tt4b_Pixel_Class::inject_view_content_event: Missing option "access_token"
2024-10-15T01:11:17+00:00 DEBUG Tt4b_Pixel_Class::inject_view_content_event: hit ViewContent
2024-10-15T01:11:17+00:00 DEBUG Tt4b_Pixel_Class::inject_view_content_event: Missing option "access_token"
2024-10-15T01:13:01+00:00 DEBUG Tt4b_Pixel_Class::inject_view_content_event: hit ViewContent
2024-10-15T01:13:01+00:00 DEBUG Tt4b_Pixel_Class::inject_view_content_event: Missing option "access_token"
2024-10-15T01:14:11+00:00 DEBUG Tt4b_Pixel_Class::inject_view_content_event: hit ViewContent
2024-10-15T01:14:11+00:00 DEBUG Tt4b_Pixel_Class::inject_view_content_event: Missing option "access_token"
2024-10-15T01:16:11+00:00 DEBUG Tt4b_Pixel_Class::inject_view_content_event: hit ViewContent
2024-10-15T01:16:11+00:00 DEBUG Tt4b_Pixel_Class::inject_view_content_event: Missing option "access_token"
2024-10-15T01:17:26+00:00 DEBUG Tt4b_Pixel_Class::inject_view_content_event: hit ViewContent
2024-10-15T01:17:26+00:00 DEBUG Tt4b_Pixel_Class::inject_view_content_event: Missing option "access_token"
2024-10-15T01:23:01+00:00 DEBUG Tt4b_Pixel_Class::inject_view_content_event: hit ViewContent
2024-10-15T01:23:01+00:00 DEBUG Tt4b_Pixel_Class::inject_view_content_event: Missing option "access_token"
2024-10-15T01:23:26+00:00 DEBUG Tt4b_Pixel_Class::inject_view_content_event: hit ViewContent
2024-10-15T01:23:26+00:00 DEBUG Tt4b_Pixel_Class::inject_view_content_event: Missing option "access_token"
2024-10-15T01:48:27+00:00 DEBUG Tt4b_Pixel_Class::inject_view_content_event: hit ViewContent
2024-10-15T01:48:27+00:00 DEBUG Tt4b_Pixel_Class::inject_view_content_event: Missing option "access_token"
2024-10-15T01:48:30+00:00 DEBUG Tt4b_Pixel_Class::inject_add_to_cart_event: hit AddToCart
2024-10-15T01:48:31+00:00 DEBUG Tt4b_Pixel_Class::inject_add_to_cart_event: Missing option "access_token"
2024-10-15T01:48:31+00:00 DEBUG Tt4b_Pixel_Class::inject_view_content_event: hit ViewContent
2024-10-15T01:48:31+00:00 DEBUG Tt4b_Pixel_Class::inject_view_content_event: Missing option "access_token"
2024-10-15T01:48:37+00:00 DEBUG Tt4b_Pixel_Class::inject_initiate_checkout_event: hit InitiateCheckout
2024-10-15T01:48:37+00:00 DEBUG Tt4b_Pixel_Class::inject_initiate_checkout_event: Missing option "access_token"
2024-10-15T01:48:56+00:00 DEBUG Tt4b_Pixel_Class::inject_initiate_checkout_event: hit InitiateCheckout
2024-10-15T01:48:56+00:00 DEBUG Tt4b_Pixel_Class::inject_initiate_checkout_event: Missing option "access_token"
2024-10-15T01:54:25+00:00 DEBUG Tt4b_Pixel_Class::inject_initiate_checkout_event: hit InitiateCheckout
2024-10-15T01:54:25+00:00 DEBUG Tt4b_Pixel_Class::inject_initiate_checkout_event: Missing option "access_token"
2024-10-15T01:57:17+00:00 DEBUG Tt4b_Pixel_Class::inject_view_content_event: hit ViewContent
2024-10-15T01:57:17+00:00 DEBUG Tt4b_Pixel_Class::inject_view_content_event: Missing option "access_token"
2024-10-15T02:01:05+00:00 DEBUG Tt4b_Pixel_Class::inject_view_content_event: hit ViewContent
2024-10-15T02:01:05+00:00 DEBUG Tt4b_Pixel_Class::inject_view_content_event: Missing option "access_token"
2024-10-15T03:28:57+00:00 DEBUG Tt4b_Pixel_Class::inject_view_content_event: hit ViewContent
2024-10-15T03:28:57+00:00 DEBUG Tt4b_Pixel_Class::inject_view_content_event: Missing option "access_token"
2024-10-15T03:34:07+00:00 DEBUG tt4b_product_delete: missing access token for tt4b_product_sync
2024-10-15T03:34:07+00:00 DEBUG tt4b_product_delete: missing access token for tt4b_product_sync
2024-10-15T03:34:07+00:00 DEBUG tt4b_product_delete: missing access token for tt4b_product_sync
2024-10-15T03:34:07+00:00 DEBUG tt4b_product_delete: missing access token for tt4b_product_sync
2024-10-15T03:34:07+00:00 DEBUG tt4b_product_delete: missing access token for tt4b_product_sync
2024-10-15T03:34:07+00:00 DEBUG tt4b_product_delete: missing access token for tt4b_product_sync
2024-10-15T03:34:07+00:00 DEBUG tt4b_product_delete: missing access token for tt4b_product_sync
2024-10-15T03:34:17+00:00 DEBUG tt4b_product_delete: missing access token for tt4b_product_sync
2024-10-15T03:34:17+00:00 DEBUG tt4b_product_delete: missing access token for tt4b_product_sync
2024-10-15T03:34:17+00:00 DEBUG tt4b_product_delete: missing access token for tt4b_product_sync
2024-10-15T03:34:17+00:00 DEBUG tt4b_product_delete: missing access token for tt4b_product_sync
2024-10-15T03:34:17+00:00 DEBUG tt4b_product_delete: missing access token for tt4b_product_sync
2024-10-15T03:34:17+00:00 DEBUG tt4b_product_delete: missing access token for tt4b_product_sync
2024-10-15T03:34:17+00:00 DEBUG tt4b_product_delete: missing access token for tt4b_product_sync
2024-10-15T03:34:27+00:00 DEBUG tt4b_product_delete: missing access token for tt4b_product_sync
2024-10-15T03:59:21+00:00 DEBUG Tt4b_Pixel_Class::inject_initiate_checkout_event: hit InitiateCheckout
2024-10-15T03:59:21+00:00 DEBUG Tt4b_Pixel_Class::inject_initiate_checkout_event: Missing option "access_token"
