2024-10-17T00:32:45+00:00 DEBUG tt4b_product_delete: missing access token for tt4b_product_sync
2024-10-17T00:43:11+00:00 DEBUG Tt4b_Pixel_Class::inject_initiate_checkout_event: hit InitiateCheckout
2024-10-17T00:43:11+00:00 DEBUG Tt4b_Pixel_Class::inject_initiate_checkout_event: Missing option "access_token"
2024-10-17T00:43:45+00:00 DEBUG Tt4b_Pixel_Class::inject_initiate_checkout_event: hit InitiateCheckout
2024-10-17T00:43:45+00:00 DEBUG Tt4b_Pixel_Class::inject_initiate_checkout_event: Missing option "access_token"
2024-10-17T01:09:18+00:00 DEBUG tt4b_product_delete: missing access token for tt4b_product_sync
2024-10-17T01:09:18+00:00 DEBUG tt4b_product_delete: missing access token for tt4b_product_sync
2024-10-17T01:09:18+00:00 DEBUG tt4b_product_delete: missing access token for tt4b_product_sync
2024-10-17T01:09:23+00:00 DEBUG tt4b_product_delete: missing access token for tt4b_product_sync
2024-10-17T01:09:23+00:00 DEBUG tt4b_product_delete: missing access token for tt4b_product_sync
2024-10-17T01:09:23+00:00 DEBUG tt4b_product_delete: missing access token for tt4b_product_sync
2024-10-17T01:09:23+00:00 DEBUG tt4b_product_delete: missing access token for tt4b_product_sync
2024-10-17T01:09:23+00:00 DEBUG tt4b_product_delete: missing access token for tt4b_product_sync
2024-10-17T01:09:23+00:00 DEBUG tt4b_product_delete: missing access token for tt4b_product_sync
2024-10-17T01:09:23+00:00 DEBUG tt4b_product_delete: missing access token for tt4b_product_sync
2024-10-17T01:09:23+00:00 DEBUG tt4b_product_delete: missing access token for tt4b_product_sync
2024-10-17T01:09:23+00:00 DEBUG tt4b_product_delete: missing access token for tt4b_product_sync
2024-10-17T01:10:02+00:00 DEBUG Tt4b_Pixel_Class::inject_initiate_checkout_event: hit InitiateCheckout
2024-10-17T01:10:02+00:00 DEBUG Tt4b_Pixel_Class::inject_initiate_checkout_event: Missing option "access_token"
2024-10-17T01:10:36+00:00 DEBUG Tt4b_Pixel_Class::inject_initiate_checkout_event: hit InitiateCheckout
2024-10-17T01:10:36+00:00 DEBUG Tt4b_Pixel_Class::inject_initiate_checkout_event: Missing option "access_token"
2024-10-17T01:34:29+00:00 DEBUG Tt4b_Pixel_Class::inject_view_content_event: hit ViewContent
2024-10-17T01:34:29+00:00 DEBUG Tt4b_Pixel_Class::inject_view_content_event: Missing option "access_token"
2024-10-17T01:34:37+00:00 DEBUG Tt4b_Pixel_Class::inject_add_to_cart_event: hit AddToCart
2024-10-17T01:34:37+00:00 DEBUG Tt4b_Pixel_Class::inject_add_to_cart_event: Missing option "access_token"
2024-10-17T01:34:37+00:00 DEBUG Tt4b_Pixel_Class::inject_view_content_event: hit ViewContent
2024-10-17T01:34:37+00:00 DEBUG Tt4b_Pixel_Class::inject_view_content_event: Missing option "access_token"
2024-10-17T01:39:52+00:00 DEBUG Tt4b_Pixel_Class::inject_view_content_event: hit ViewContent
2024-10-17T01:39:52+00:00 DEBUG Tt4b_Pixel_Class::inject_view_content_event: Missing option "access_token"
2024-10-17T01:39:54+00:00 DEBUG Tt4b_Pixel_Class::inject_add_to_cart_event: hit AddToCart
2024-10-17T01:39:54+00:00 DEBUG Tt4b_Pixel_Class::inject_add_to_cart_event: Missing option "access_token"
2024-10-17T01:39:55+00:00 DEBUG Tt4b_Pixel_Class::inject_view_content_event: hit ViewContent
2024-10-17T01:39:55+00:00 DEBUG Tt4b_Pixel_Class::inject_view_content_event: Missing option "access_token"
2024-10-17T01:41:20+00:00 DEBUG Tt4b_Pixel_Class::inject_view_content_event: hit ViewContent
2024-10-17T01:41:20+00:00 DEBUG Tt4b_Pixel_Class::inject_view_content_event: Missing option "access_token"
2024-10-17T01:52:39+00:00 DEBUG Tt4b_Pixel_Class::inject_view_content_event: hit ViewContent
2024-10-17T01:52:39+00:00 DEBUG Tt4b_Pixel_Class::inject_view_content_event: Missing option "access_token"
2024-10-17T01:53:43+00:00 DEBUG Tt4b_Pixel_Class::inject_view_content_event: hit ViewContent
2024-10-17T01:53:43+00:00 DEBUG Tt4b_Pixel_Class::inject_view_content_event: Missing option "access_token"
2024-10-17T03:04:30+00:00 DEBUG tt4b_product_delete: missing access token for tt4b_product_sync
